Info: CustomCategory:SAFe for Octo: 282 mini seconds publishing element
Info: SupportingMaterial:welcome: 158 mini seconds publishing element
Info: CustomCategory:large_solution_level: 16 mini seconds publishing element
Info: RoleSet:large_solution_level_roles: 18 mini seconds publishing element
Info: Role:customer: 551 mini seconds publishing element
Info: Task:contribution_to_the_solution_demo: 195 mini seconds publishing element
Info: Task:contribution_to_the_system_demo: 19 mini seconds publishing element
Info: Task:inspect_and_adapt_workshops: 22 mini seconds publishing element
Info: Task:milestone_planning: 17 mini seconds publishing element
Info: Task:program_increment_pi_planning: 26 mini seconds publishing element
Info: Task:reviewing_techincal_and_financial_status_of_the_solution: 16 mini seconds publishing element
Info: Task:roadmap_definition: 16 mini seconds publishing element
Info: Task:scope_time_and_constraint_managment: 16 mini seconds publishing element
Info: Task:specification_workshops: 17 mini seconds publishing element
Info: Task:validating_assumptions_in_the_economic_framework: 16 mini seconds publishing element
Info: Task:validation_testing_: 17 mini seconds publishing element
Info: Artifact:economic_framework: 196 mini seconds publishing element
Info: Artifact:fixed_date_milestones: 18 mini seconds publishing element
Info: Artifact:learning_milestones: 17 mini seconds publishing element
Info: Artifact:program_increment_pi_milestones: 28 mini seconds publishing element
Info: Artifact:releases: 15 mini seconds publishing element
Info: Artifact:roadmap: 26 mini seconds publishing element
Info: Concept:lean-agile_mindset: 19 mini seconds publishing element
Info: Concept:safe_principles: 20 mini seconds publishing element
Info: Concept:solution_context: 17 mini seconds publishing element
Info: Role:deployment_operations_representative: 41 mini seconds publishing element
Info: Role:engineer: 41 mini seconds publishing element
Info: Artifact:solution_demo: 20 mini seconds publishing element
Info: Role:solution_architect__engineering: 111 mini seconds publishing element
Info: Task:defining_exploring_and_supporting_the_implementation_of_art_and_solution_train_enablers: 21 mini seconds publishing element
Info: Task:defining_subsystems_and_their_interfaces_etc._1: 22 mini seconds publishing element
Info: Task:establishing_critical_nfrs_at_the_solution_level: 21 mini seconds publishing element
Info: Task:operating_within_the_economic_framework_: 17 mini seconds publishing element
Info: Task:participating_in_continuous_exploration_process: 19 mini seconds publishing element
Info: Task:participating_in_design_of_the_solution: 16 mini seconds publishing element
Info: Task:participating_in_post-pi_planning: 22 mini seconds publishing element
Info: Task:participating_in_pre-pi_planning: 21 mini seconds publishing element
Info: Task:planning_and_developing_the_architectural_runway: 17 mini seconds publishing element
Info: Task:providing_oversight_and_fostering_built-in_quality: 16 mini seconds publishing element
Info: Task:supporting_technologyengineering_aspects_of_program_and_solution_kanbans: 15 mini seconds publishing element
Info: Task:working_with_customers_stakeholders_and_suppliers: 14 mini seconds publishing element
Info: Task:working_with_product_and_solution_management: 13 mini seconds publishing element
Info: Artifact:architectural_runway: 26 mini seconds publishing element
Info: Artifact:nonfunctional_requirements_nfrs: 18 mini seconds publishing element
Info: Outcome:vision: 149 mini seconds publishing element
Info: Concept:built-in_quality: 15 mini seconds publishing element
Info: Concept:continuous_exploration_ce: 16 mini seconds publishing element
Info: Role:solution_management: 73 mini seconds publishing element
Info: Task:building_an_effective_product_managementproduct_owner_team: 12 mini seconds publishing element
Info: Task:defining_releases_and_program_increments: 12 mini seconds publishing element
Info: Task:developing_and_communicating_program_vision_and_roadmap: 22 mini seconds publishing element
Info: Task:managing_and_prioritizing_the_flow_of_work: 15 mini seconds publishing element
Info: Task:working_with_system_architectengineering_to_understand_enabler_work: 14 mini seconds publishing element
Info: Artifact:solution_backlog: 18 mini seconds publishing element
Info: Outcome:metrics: 18 mini seconds publishing element
Info: Concept:weighted_shortest_job_first_wsjf: 19 mini seconds publishing element
Info: Concept:continuous_delivery_pipeline: 20 mini seconds publishing element
Info: Concept:program_and_solution_kanban: 16 mini seconds publishing element
Info: Role:solution_train_engineer: 111 mini seconds publishing element
Info: Task:assisting_tracking_the_execution_of_features_and_capabilities_see_metrics: 14 mini seconds publishing element
Info: Task:assisting_with_economic_decision-making: 12 mini seconds publishing element
Info: Task:coaching_leaders_teams_and_scrum_masters_in_lean-agile_practices_and_mindsets: 14 mini seconds publishing element
Info: Task:encouraging_collaboration_between_teams_and_system_and_solution_architectsengineering: 12 mini seconds publishing element
Info: Task:escalating_and_tracking_impediments: 12 mini seconds publishing element
Info: Task:establishing_and_communicating_annual_calendars: 14 mini seconds publishing element
Info: Task:facilitating_periodic_synchronization_meetings: 12 mini seconds publishing element
Info: Task:fostering_communities_of_practice: 12 mini seconds publishing element
Info: Task:helping_drive_the_lean_user_experience_ux_innovation_cycle: 13 mini seconds publishing element
Info: Task:helping_to_manage_risks_and_dependencies: 13 mini seconds publishing element
Info: Task:improving_the_flow_of_value_through_value_streams: 13 mini seconds publishing element
Info: Task:managing_and_optimizing_the_flow_of_value_through_the_art_and_solution_train: 13 mini seconds publishing element
Info: Task:providing_input_on_resourcing_to_address_critical_bottlenecks: 13 mini seconds publishing element
Info: Task:reporting_status_to_lean_portfolio_management_lpm_and_support-related_activities: 12 mini seconds publishing element
Info: Task:summarizing_program_pi_objectives_into_solution_pi_objectives: 13 mini seconds publishing element
Info: Task:understand_and_operate_within_lean_budgets: 12 mini seconds publishing element
Info: Task:working_with_product_and_solution_management_product_owners_and_other_stakeholders: 15 mini seconds publishing element
Info: Artifact:program_backlog: 17 mini seconds publishing element
Info: Concept:devops: 14 mini seconds publishing element
Info: Concept:leanux: 15 mini seconds publishing element
Info: Concept:value_streams: 16 mini seconds publishing element
Info: Role:supplier: 69 mini seconds publishing element
Info: Task:delivering_value_to_customers: 13 mini seconds publishing element
Info: Artifact:solution: 21 mini seconds publishing element
Info: Artifact:system_demo: 25 mini seconds publishing element
Info: Deliverable:capabilities: 170 mini seconds publishing element
Info: Deliverable:features: 23 mini seconds publishing element
Info: WorkProductType:large_solution_level_work_products: 18 mini seconds publishing element
Info: Role:agile_and_software_systems_engineering_coach: 57 mini seconds publishing element
Info: Role:application_web_portal_management: 63 mini seconds publishing element
Info: Role:configuration_management: 54 mini seconds publishing element
Info: Role:data_modeling_data_engineering_and_database_support: 54 mini seconds publishing element
Info: Role:desktop_support: 68 mini seconds publishing element
Info: Role:end-user_training: 63 mini seconds publishing element
Info: Role:enterprise_architecture: 50 mini seconds publishing element
Info: Role:information_architecture: 49 mini seconds publishing element
Info: Role:infrastructure_and_tools_management: 96 mini seconds publishing element
Info: Role:internalization_and_localization_support: 74 mini seconds publishing element
Info: Role:it_service_management_and_deployment_operation: 85 mini seconds publishing element
Info: Role:product_owner: 127 mini seconds publishing element
Info: Role:security_specialist_infosec: 61 mini seconds publishing element
Info: Role:system_qa_and_exploratory_testing: 65 mini seconds publishing element
Info: Role:technical_writer: 65 mini seconds publishing element
Info: Task:supporting_estimates: 21 mini seconds publishing element
Info: Role:development_manager: 117 mini seconds publishing element
Info: Role:epic_owner: 75 mini seconds publishing element
Info: Role:system_architect__engineering: 135 mini seconds publishing element
Info: Task:sizing_epic_and_providing_input: 20 mini seconds publishing element
Info: Artifact:enablers: 30 mini seconds publishing element
Info: Task:maintaining_the_team_backlog: 21 mini seconds publishing element
Info: Task:understanding_enabler_work: 25 mini seconds publishing element
Info: Role:enterprise_architect: 132 mini seconds publishing element
Info: Role:product_management: 71 mini seconds publishing element
Info: Task:synchronizing_the_following_disciplines_across_solutions: 14 mini seconds publishing element
Info: Role:release_train_engineer: 93 mini seconds publishing element
Info: Role:safe_program_consultant: 35 mini seconds publishing element
Info: Role:developer: 62 mini seconds publishing element
Info: Role:tester: 61 mini seconds publishing element
Info: Role:business_owner: 56 mini seconds publishing element
Info: Artifact:team_backlog: 14 mini seconds publishing element
Info: Task:iteration_planning_: 13 mini seconds publishing element
Info: CustomCategory:large_solution_level_guidances: 14 mini seconds publishing element
Info: Concept:solution_intent: 12 mini seconds publishing element
Info: Practice:solution_train: 128 mini seconds publishing element
Info: CustomCategory:portfolio_level: 12 mini seconds publishing element
Info: RoleSet:portfolio_level_roles: 11 mini seconds publishing element
Info: Task:collaborating_with_lean_portfolio_management_: 11 mini seconds publishing element
Info: Task:defining_key_technical_initiatives: 12 mini seconds publishing element
Info: Task:driving_architectural_initiatives: 12 mini seconds publishing element
Info: Task:facilitating_the_reuse_of_code: 12 mini seconds publishing element
Info: Task:generating_and_analyzing_innovative_ideas_and_technolgies: 13 mini seconds publishing element
Info: Task:influencing_common_modeling_design_and_coding_practices: 13 mini seconds publishing element
Info: Task:promoting_continuous_delivery_pipeline_and_devops_capabilities: 19 mini seconds publishing element
Info: Task:understanding_and_communicating_strategic_themes: 14 mini seconds publishing element
Info: Concept:lean_budgets: 13 mini seconds publishing element
Info: Role:enterprise_executive: 36 mini seconds publishing element
Info: Task:defining_the_epic_value_statement_: 13 mini seconds publishing element
Info: Task:presenting_the_epic: 13 mini seconds publishing element
Info: Task:shepherding_epics: 12 mini seconds publishing element
Info: Concept:release_on_demand: 13 mini seconds publishing element
Info: WorkProductType:portfolio_level_work_products: 12 mini seconds publishing element
Info: Artifact:epics: 15 mini seconds publishing element
Info: Task:preparing_to_present_business_case: 13 mini seconds publishing element
Info: CustomCategory:portfolio_level_guidances: 12 mini seconds publishing element
Info: CustomCategory:program_level: 19 mini seconds publishing element
Info: RoleSet:program_level_roles: 25 mini seconds publishing element
Info: Task:actively_addressing_impediments: 14 mini seconds publishing element
Info: Task:assigning_business_value: 18 mini seconds publishing element
Info: Task:playing_a_primary_role_in_draft_review: 16 mini seconds publishing element
Info: Role:executive_sponsor: 45 mini seconds publishing element
Info: Task:program_backlog_refinement: 17 mini seconds publishing element
Info: Task:understanding_and_supporting_portfolio_work: 15 mini seconds publishing element
Info: Task:understanding_customer_needs_and_validating_solutions: 15 mini seconds publishing element
Info: Role:qa_manager: 37 mini seconds publishing element
Info: Concept:develop_on_cadence: 16 mini seconds publishing element
Info: Task:summarizing_team_pi_objectives_into_program_pi_objectives: 14 mini seconds publishing element
Info: Role:senior_management: 39 mini seconds publishing element
Info: WorkProductType:program_level_work_products: 17 mini seconds publishing element
Info: Task:developing_and_committing_to_team_pi_objectives_and_iteration_plans: 16 mini seconds publishing element
Info: Task:facilitating_preparation_and_readiness_for_art_events: 16 mini seconds publishing element
Info: Artifact:stories: 16 mini seconds publishing element
Info: Task:just-in-time_story_elaboration: 12 mini seconds publishing element
Info: Role:scrum_master: 64 mini seconds publishing element
Info: CustomCategory:program_level_guidances: 12 mini seconds publishing element
Info: Concept:continuous_deployment: 14 mini seconds publishing element
Info: Concept:continuous_integration: 13 mini seconds publishing element
Info: CustomCategory:team_level: 16 mini seconds publishing element
Info: RoleSet:team_level_roles: 13 mini seconds publishing element
Info: Task:checking_new_code_into_the_shared_source_code_repository: 14 mini seconds publishing element
Info: Task:collaborating_with_the_product_owner: 14 mini seconds publishing element
Info: Task:conducting_research_design_prototyping_and_other_exploration_activities: 12 mini seconds publishing element
Info: Task:creating_unit_tests_and_automated_acceptance_tests: 12 mini seconds publishing element
Info: Task:executing_acceptance_tests_and_maintaining_the_test_cases: 13 mini seconds publishing element
Info: Task:improving_the_teams_process_continuously: 12 mini seconds publishing element
Info: Task:pairing_to_write_code_and_automated_acceptance_test_cases: 12 mini seconds publishing element
Info: Task:accepting_stories: 13 mini seconds publishing element
Info: Task:participating_in_team_demo_and_retrospective: 13 mini seconds publishing element
Info: Task:supporting_acceptance_test-driven_development_atdd: 12 mini seconds publishing element
Info: Task:building_a_high-performing_team: 13 mini seconds publishing element
Info: Task:coordinating_with_other_teams: 12 mini seconds publishing element
Info: Task:eliminating_impediments: 11 mini seconds publishing element
Info: Task:exhibiting_lean-agile_leadership: 13 mini seconds publishing element
Info: Task:facilitating_meetings: 12 mini seconds publishing element
Info: Task:facilitating_the_teams_progress_toward_team_goals: 12 mini seconds publishing element
Info: Task:leading_the_team_efforts_in_relentless_improvement: 12 mini seconds publishing element
Info: Task:promoting_safe_quality_practices: 12 mini seconds publishing element
Info: Task:protecting_and_communicating: 12 mini seconds publishing element
Info: Task:responsibilities_on_the_train: 12 mini seconds publishing element
Info: Task:supporting_product_owner: 11 mini seconds publishing element
Info: Task:supporting_the_team_rules: 12 mini seconds publishing element
Info: Concept:safe_core_values: 16 mini seconds publishing element
Info: WorkProductType:team_level_work_products: 12 mini seconds publishing element
Info: CustomCategory:team_level_guidances: 17 mini seconds publishing element
Info: RoleSet:agile_release_train_art: 19 mini seconds publishing element
Info: RoleSet:Communities of Practice (CoP): 15 mini seconds publishing element
Info: RoleSet:Shared Services: 22 mini seconds publishing element
Info: RoleSet:Lean Governance: 12 mini seconds publishing element
Info: RoleSet:Agile PMO: 13 mini seconds publishing element
Info: RoleSet:Agile Portfolio Operations: 15 mini seconds publishing element
Info: RoleSet:Lean Agile Center of Excellence (LACE): 15 mini seconds publishing element
Info: Task:building_high-performance_teams_and_individuals: 13 mini seconds publishing element
Info: Task:maintaining_appropriate_distance_from_team: 12 mini seconds publishing element
Info: Task:participating_in_defining_and_administering_compensation_benefits_and_promotions: 14 mini seconds publishing element
Info: Task:performing_career_counseling_and_personal_development: 11 mini seconds publishing element
Info: Task:protecting_teams_from_distractions: 15 mini seconds publishing element
Info: Task:serving_as_agile_coach_advisor_to_agile_teams_: 14 mini seconds publishing element
Info: RoleSet:Strategy and Investment Funding: 12 mini seconds publishing element
Info: Concept:capex_and_opex: 14 mini seconds publishing element
Info: RoleSet:Dev Team: 17 mini seconds publishing element
Info: RoleSet:business_owners: 18 mini seconds publishing element
Info: Role:specialist: 36 mini seconds publishing element
Info: : Publishing time: 0 minutes 12 seconds
